This is pdfTeX, Version 3.1415926-2.3-1.40.12 (MiKTeX 2.9) (preloaded format=pdflatex 2015.4.21)  24 OCT 2015 17:16
entering extended mode
**D:/用户目录/Desktop/paper/Gama-Opt/gama_opt.tex
(D:/用户目录/Desktop/paper/Gama-Opt/gama_opt.tex
LaTeX2e <2011/06/27>
Babel <v3.8m> and hyphenation patterns for loaded.
(D:\用户目录\Desktop\paper\Gama-Opt\IEEEtran.cls
Document Class: IEEEtran 2012/11/21 V1.8c by Harald Hanche-Olsen and Anders Chr
istensen
-- Based on V1.7a by Michael Shell
-- See the "IEEEtran_HOWTO" manual for usage information.
-- http://www.michaelshell.org/tex/ieeetran/
\@IEEEtrantmpdimenA=\dimen102
\@IEEEtrantmpdimenB=\dimen103
\@IEEEtrantmpcountA=\count79
\@IEEEtrantmpcountB=\count80
\@IEEEtrantmptoksA=\toks14
LaTeX Font Info:    Try loading font information for OT1+ptm on input line 373.

(C:\CTEX\MiKTeX\tex\latex\psnfss\ot1ptm.fd
File: ot1ptm.fd 2001/06/04 font definitions for OT1/ptm.
)
-- Using 8.5in x 11in (letter) paper.
-- Using PDF output.
\@IEEEnormalsizeunitybaselineskip=\dimen104
-- This is a 10 point document.
\CLASSINFOnormalsizebaselineskip=\dimen105
\CLASSINFOnormalsizeunitybaselineskip=\dimen106
\IEEEnormaljot=\dimen107
LaTeX Font Info:    Font shape `OT1/ptm/bx/n' in size <5> not available
(Font)              Font shape `OT1/ptm/b/n' tried instead on input line 731.
LaTeX Font Info:    Font shape `OT1/ptm/bx/it' in size <5> not available
(Font)              Font shape `OT1/ptm/b/it' tried instead on input line 731.
LaTeX Font Info:    Font shape `OT1/ptm/bx/n' in size <7> not available
(Font)              Font shape `OT1/ptm/b/n' tried instead on input line 731.
LaTeX Font Info:    Font shape `OT1/ptm/bx/it' in size <7> not available
(Font)              Font shape `OT1/ptm/b/it' tried instead on input line 731.
LaTeX Font Info:    Font shape `OT1/ptm/bx/n' in size <8> not available
(Font)              Font shape `OT1/ptm/b/n' tried instead on input line 731.
LaTeX Font Info:    Font shape `OT1/ptm/bx/it' in size <8> not available
(Font)              Font shape `OT1/ptm/b/it' tried instead on input line 731.
LaTeX Font Info:    Font shape `OT1/ptm/bx/n' in size <9> not available
(Font)              Font shape `OT1/ptm/b/n' tried instead on input line 731.
LaTeX Font Info:    Font shape `OT1/ptm/bx/it' in size <9> not available
(Font)              Font shape `OT1/ptm/b/it' tried instead on input line 731.
LaTeX Font Info:    Font shape `OT1/ptm/bx/n' in size <10> not available
(Font)              Font shape `OT1/ptm/b/n' tried instead on input line 731.
LaTeX Font Info:    Font shape `OT1/ptm/bx/it' in size <10> not available
(Font)              Font shape `OT1/ptm/b/it' tried instead on input line 731.
LaTeX Font Info:    Font shape `OT1/ptm/bx/n' in size <11> not available
(Font)              Font shape `OT1/ptm/b/n' tried instead on input line 731.
LaTeX Font Info:    Font shape `OT1/ptm/bx/it' in size <11> not available
(Font)              Font shape `OT1/ptm/b/it' tried instead on input line 731.
LaTeX Font Info:    Font shape `OT1/ptm/bx/n' in size <12> not available
(Font)              Font shape `OT1/ptm/b/n' tried instead on input line 731.
LaTeX Font Info:    Font shape `OT1/ptm/bx/it' in size <12> not available
(Font)              Font shape `OT1/ptm/b/it' tried instead on input line 731.
LaTeX Font Info:    Font shape `OT1/ptm/bx/n' in size <17> not available
(Font)              Font shape `OT1/ptm/b/n' tried instead on input line 731.
LaTeX Font Info:    Font shape `OT1/ptm/bx/it' in size <17> not available
(Font)              Font shape `OT1/ptm/b/it' tried instead on input line 731.
LaTeX Font Info:    Font shape `OT1/ptm/bx/n' in size <20> not available
(Font)              Font shape `OT1/ptm/b/n' tried instead on input line 731.
LaTeX Font Info:    Font shape `OT1/ptm/bx/it' in size <20> not available
(Font)              Font shape `OT1/ptm/b/it' tried instead on input line 731.
LaTeX Font Info:    Font shape `OT1/ptm/bx/n' in size <24> not available
(Font)              Font shape `OT1/ptm/b/n' tried instead on input line 731.
LaTeX Font Info:    Font shape `OT1/ptm/bx/it' in size <24> not available
(Font)              Font shape `OT1/ptm/b/it' tried instead on input line 731.
\IEEEilabelindentA=\dimen108
\IEEEilabelindentB=\dimen109
\IEEEilabelindent=\dimen110
\IEEEelabelindent=\dimen111
\IEEEdlabelindent=\dimen112
\IEEElabelindent=\dimen113
\IEEEiednormlabelsep=\dimen114
\IEEEiedmathlabelsep=\dimen115
\IEEEiedtopsep=\skip41
\c@section=\count81
\c@subsection=\count82
\c@subsubsection=\count83
\c@paragraph=\count84
\c@IEEEsubequation=\count85
\abovecaptionskip=\skip42
\belowcaptionskip=\skip43
\c@figure=\count86
\c@table=\count87
\@IEEEeqnnumcols=\count88
\@IEEEeqncolcnt=\count89
\@IEEEtmpitemindent=\dimen116
\c@IEEEbiography=\count90
\@IEEEtranrubishbin=\box26
) (C:\CTEX\MiKTeX\tex\latex\graphics\graphicx.sty
Package: graphicx 1999/02/16 v1.0f Enhanced LaTeX Graphics (DPC,SPQR)

(C:\CTEX\MiKTeX\tex\latex\graphics\keyval.sty
Package: keyval 1999/03/16 v1.13 key=value parser (DPC)
\KV@toks@=\toks15
)
(C:\CTEX\MiKTeX\tex\latex\graphics\graphics.sty
Package: graphics 2009/02/05 v1.0o Standard LaTeX Graphics (DPC,SPQR)

(C:\CTEX\MiKTeX\tex\latex\graphics\trig.sty
Package: trig 1999/03/16 v1.09 sin cos tan (DPC)
)
(C:\CTEX\MiKTeX\tex\latex\00miktex\graphics.cfg
File: graphics.cfg 2007/01/18 v1.5 graphics configuration of teTeX/TeXLive
)
Package graphics Info: Driver file: pdftex.def on input line 91.

(C:\CTEX\MiKTeX\tex\latex\pdftex-def\pdftex.def
File: pdftex.def 2011/05/27 v0.06d Graphics/color for pdfTeX

(C:\CTEX\MiKTeX\tex\generic\oberdiek\infwarerr.sty
Package: infwarerr 2010/04/08 v1.3 Providing info/warning/message (HO)
)
(C:\CTEX\MiKTeX\tex\generic\oberdiek\ltxcmds.sty
Package: ltxcmds 2011/04/18 v1.20 LaTeX kernel commands for general use (HO)
)
\Gread@gobject=\count91
))
\Gin@req@height=\dimen117
\Gin@req@width=\dimen118
)
(C:\CTEX\MiKTeX\tex\latex\booktabs\booktabs.sty
Package: booktabs 2005/04/14 v1.61803 publication quality tables
\heavyrulewidth=\dimen119
\lightrulewidth=\dimen120
\cmidrulewidth=\dimen121
\belowrulesep=\dimen122
\belowbottomsep=\dimen123
\aboverulesep=\dimen124
\abovetopsep=\dimen125
\cmidrulesep=\dimen126
\cmidrulekern=\dimen127
\defaultaddspace=\dimen128
\@cmidla=\count92
\@cmidlb=\count93
\@aboverulesep=\dimen129
\@belowrulesep=\dimen130
\@thisruleclass=\count94
\@lastruleclass=\count95
\@thisrulewidth=\dimen131
)
(C:\CTEX\MiKTeX\tex\latex\subfig\subfig.sty
Package: subfig 2005/06/28 ver: 1.3 subfig package

(C:\CTEX\MiKTeX\tex\latex\caption\caption.sty
Package: caption 2011/11/10 v3.2e Customizing captions (AR)

(C:\CTEX\MiKTeX\tex\latex\caption\caption3.sty
Package: caption3 2011/11/01 v1.4a caption3 kernel (AR)
\captionmargin=\dimen132
\captionmargin@=\dimen133
\captionwidth=\dimen134
\caption@indent=\dimen135
\caption@parindent=\dimen136
\caption@hangindent=\dimen137
Package caption Info: Unknown document class (or package),
(caption)             standard defaults will be used.
)

Package caption Warning: Unsupported document class (or package) detected,
(caption)                usage of the caption package is not recommended.
See the caption package documentation for explanation.

Package caption Info: \@makecaption = \long macro:#1#2->\ifx \@captype \@IEEEta
blestring \footnotesize {\centering \normalfont \footnotesize #1.\qquad \scshap
e #2\par }\@IEEEtablecaptionsepspace \else \@IEEEfigurecaptionsepspace \setbox 
\@tempboxa \hbox {\normalfont \footnotesize {#1.}~~ #2}\ifdim \wd \@tempboxa >\
hsize \setbox \@tempboxa \hbox {\normalfont \footnotesize {#1.}~~ }\parbox [t]{
\hsize }{\normalfont \footnotesize \noindent \unhbox \@tempboxa #2}\else \ifCLA
SSOPTIONconference \hbox to\hsize {\normalfont \footnotesize \box \@tempboxa \h
fil }\else \hbox to\hsize {\normalfont \footnotesize \box \@tempboxa \hfil }\fi
 \fi \fi .
\c@ContinuedFloat=\count96
)
\c@KVtest=\count97
\sf@farskip=\skip44
\sf@captopadj=\dimen138
\sf@capskip=\skip45
\sf@nearskip=\skip46
\c@subfigure=\count98
\c@subfigure@save=\count99
\c@lofdepth=\count100
\c@subtable=\count101
\c@subtable@save=\count102
\c@lotdepth=\count103
\sf@top=\skip47
\sf@bottom=\skip48
) (C:\CTEX\MiKTeX\tex\latex\lipsum\lipsum.sty
Package: lipsum 2011/04/14 v1.2 150 paragraphs of Lorem Ipsum dummy text
\c@lips@count=\count104
)
(C:\CTEX\MiKTeX\tex\latex\tools\array.sty
Package: array 2008/09/09 v2.4c Tabular extension package (FMi)
\col@sep=\dimen139
\extrarowheight=\dimen140
\NC@list=\toks16
\extratabsurround=\skip49
\backup@length=\skip50
)
(C:\CTEX\MiKTeX\tex\latex\algorithms\algorithm.sty
Package: algorithm 2009/08/24 v0.1 Document Style `algorithm' - floating enviro
nment

(C:\CTEX\MiKTeX\tex\latex\float\float.sty
Package: float 2001/11/08 v1.3d Float enhancements (AL)
\c@float@type=\count105
\float@exts=\toks17
\float@box=\box27
\@float@everytoks=\toks18
\@floatcapt=\box28
)
(C:\CTEX\MiKTeX\tex\latex\base\ifthen.sty
Package: ifthen 2001/05/26 v1.1c Standard LaTeX ifthen package (DPC)
)
\@float@every@algorithm=\toks19
\c@algorithm=\count106
)
(C:\CTEX\MiKTeX\tex\latex\ams\math\amsmath.sty
Package: amsmath 2000/07/18 v2.13 AMS math features
\@mathmargin=\skip51

For additional information on amsmath, use the `?' option.
(C:\CTEX\MiKTeX\tex\latex\ams\math\amstext.sty
Package: amstext 2000/06/29 v2.01

(C:\CTEX\MiKTeX\tex\latex\ams\math\amsgen.sty
File: amsgen.sty 1999/11/30 v2.0
\@emptytoks=\toks20
\ex@=\dimen141
))
(C:\CTEX\MiKTeX\tex\latex\ams\math\amsbsy.sty
Package: amsbsy 1999/11/29 v1.2d
\pmbraise@=\dimen142
)
(C:\CTEX\MiKTeX\tex\latex\ams\math\amsopn.sty
Package: amsopn 1999/12/14 v2.01 operator names
)
\inf@bad=\count107
LaTeX Info: Redefining \frac on input line 211.
\uproot@=\count108
\leftroot@=\count109
LaTeX Info: Redefining \overline on input line 307.
\classnum@=\count110
\DOTSCASE@=\count111
LaTeX Info: Redefining \ldots on input line 379.
LaTeX Info: Redefining \dots on input line 382.
LaTeX Info: Redefining \cdots on input line 467.
\Mathstrutbox@=\box29
\strutbox@=\box30
\big@size=\dimen143
LaTeX Font Info:    Redeclaring font encoding OML on input line 567.
LaTeX Font Info:    Redeclaring font encoding OMS on input line 568.
\macc@depth=\count112
\c@MaxMatrixCols=\count113
\dotsspace@=\muskip10
\c@parentequation=\count114
\dspbrk@lvl=\count115
\tag@help=\toks21
\row@=\count116
\column@=\count117
\maxfields@=\count118
\andhelp@=\toks22
\eqnshift@=\dimen144
\alignsep@=\dimen145
\tagshift@=\dimen146
\tagwidth@=\dimen147
\totwidth@=\dimen148
\lineht@=\dimen149
\@envbody=\toks23
\multlinegap=\skip52
\multlinetaggap=\skip53
\mathdisplay@stack=\toks24
LaTeX Info: Redefining \[ on input line 2666.
LaTeX Info: Redefining \] on input line 2667.
)
(C:\CTEX\MiKTeX\tex\latex\algorithms\algorithmic.sty
Package: algorithmic 2009/08/24 v0.1 Document Style `algorithmic'
\c@ALC@unique=\count119
\c@ALC@line=\count120
\c@ALC@rem=\count121
\c@ALC@depth=\count122
\ALC@tlm=\skip54
\algorithmicindent=\skip55
)
(C:\CTEX\MiKTeX\tex\latex\graphics\color.sty
Package: color 2005/11/14 v1.0j Standard LaTeX Color (DPC)

(C:\CTEX\MiKTeX\tex\latex\00miktex\color.cfg
File: color.cfg 2007/01/18 v1.5 color configuration of teTeX/TeXLive
)
Package color Info: Driver file: pdftex.def on input line 130.
)
(C:\CTEX\MiKTeX\tex\latex\soul\soul.sty
Package: soul 2003/11/17 v2.4 letterspacing/underlining (mf)
\SOUL@word=\toks25
\SOUL@lasttoken=\toks26
\SOUL@cmds=\toks27
\SOUL@buffer=\toks28
\SOUL@token=\toks29
\SOUL@spaceskip=\skip56
\SOUL@ttwidth=\dimen150
\SOUL@uldp=\dimen151
\SOUL@ulht=\dimen152
)
(C:\CTEX\MiKTeX\tex\latex\oberdiek\epstopdf.sty
Package: epstopdf 2010/02/09 v2.5 Conversion with epstopdf on the fly (HO)

(C:\CTEX\MiKTeX\tex\latex\oberdiek\epstopdf-base.sty
Package: epstopdf-base 2010/02/09 v2.5 Base part for package epstopdf

(C:\CTEX\MiKTeX\tex\latex\oberdiek\grfext.sty
Package: grfext 2010/08/19 v1.1 Managing graphics extensions (HO)

(C:\CTEX\MiKTeX\tex\generic\oberdiek\kvdefinekeys.sty
Package: kvdefinekeys 2011/04/07 v1.3 Defining keys (HO)
))
(C:\CTEX\MiKTeX\tex\latex\oberdiek\kvoptions.sty
Package: kvoptions 2010/12/23 v3.10 Keyval support for LaTeX options (HO)

(C:\CTEX\MiKTeX\tex\generic\oberdiek\kvsetkeys.sty
Package: kvsetkeys 2011/04/07 v1.13 Key value parser (HO)

(C:\CTEX\MiKTeX\tex\generic\oberdiek\etexcmds.sty
Package: etexcmds 2011/02/16 v1.5 Prefix for e-TeX command names (HO)

(C:\CTEX\MiKTeX\tex\generic\oberdiek\ifluatex.sty
Package: ifluatex 2010/03/01 v1.3 Provides the ifluatex switch (HO)
Package ifluatex Info: LuaTeX not detected.
)
Package etexcmds Info: Could not find \expanded.
(etexcmds)             That can mean that you are not using pdfTeX 1.50 or
(etexcmds)             that some package has redefined \expanded.
(etexcmds)             In the latter case, load this package earlier.
)))
(C:\CTEX\MiKTeX\tex\generic\oberdiek\pdftexcmds.sty
Package: pdftexcmds 2011/04/22 v0.16 Utilities of pdfTeX for LuaTeX (HO)

(C:\CTEX\MiKTeX\tex\generic\oberdiek\ifpdf.sty
Package: ifpdf 2011/01/30 v2.3 Provides the ifpdf switch (HO)
Package ifpdf Info: pdfTeX in PDF mode is detected.
)
Package pdftexcmds Info: LuaTeX not detected.
Package pdftexcmds Info: \pdf@primitive is available.
Package pdftexcmds Info: \pdf@ifprimitive is available.
Package pdftexcmds Info: \pdfdraftmode found.
)
Package grfext Info: Graphics extension search list:
(grfext)             [.png,.pdf,.jpg,.mps,.jpeg,.jbig2,.jb2,.PNG,.PDF,.JPG,.JPE
G,.JBIG2,.JB2,.eps]
(grfext)             \AppendGraphicsExtensions on input line 452.
))
\c@theorem=\count123
\c@corollary=\count124
\c@lemma=\count125

(D:\用户目录\Desktop\paper\Gama-Opt\gama_opt.aux

LaTeX Warning: Label `alg:1' multiply defined.

)
LaTeX Font Info:    Checking defaults for OML/cmm/m/it on input line 371.
LaTeX Font Info:    ... okay on input line 371.
LaTeX Font Info:    Checking defaults for T1/cmr/m/n on input line 371.
LaTeX Font Info:    ... okay on input line 371.
LaTeX Font Info:    Checking defaults for OT1/cmr/m/n on input line 371.
LaTeX Font Info:    ... okay on input line 371.
LaTeX Font Info:    Checking defaults for OMS/cmsy/m/n on input line 371.
LaTeX Font Info:    ... okay on input line 371.
LaTeX Font Info:    Checking defaults for OMX/cmex/m/n on input line 371.
LaTeX Font Info:    ... okay on input line 371.
LaTeX Font Info:    Checking defaults for U/cmr/m/n on input line 371.
LaTeX Font Info:    ... okay on input line 371.
 (C:\CTEX\MiKTeX\tex\context\base\supp-pdf.mkii
[Loading MPS to PDF converter (version 2006.09.02).]
\scratchcounter=\count126
\scratchdimen=\dimen153
\scratchbox=\box31
\nofMPsegments=\count127
\nofMParguments=\count128
\everyMPshowfont=\toks30
\MPscratchCnt=\count129
\MPscratchDim=\dimen154
\MPnumerator=\count130
\makeMPintoPDFobject=\count131
\everyMPtoPDFconversion=\toks31
)
Package caption Info: Begin \AtBeginDocument code.
Package caption Info: subfig package v1.3 is loaded.
Package caption Info: float package is loaded.
Package caption Info: End \AtBeginDocument code.
 (D:\用户目录\Desktop\paper\Gama-Opt\gama_intro.tex
<fig/negative.png, id=1, 353.06906pt x 268.75406pt>
File: fig/negative.png Graphic file (type png)
 <use fig/negative.png>
Package pdftex.def Info: fig/negative.png used on input line 10.
(pdftex.def)             Requested size: 176.53409pt x 134.3767pt.

<fig/domain.jpg, id=2, 382.5492pt x 192.84045pt>
File: fig/domain.jpg Graphic file (type jpg)
 <use fig/domain.jpg>
Package pdftex.def Info: fig/domain.jpg used on input line 15.
(pdftex.def)             Requested size: 153.01695pt x 77.13481pt.

Underfull \vbox (badness 3417) has occurred while \output is active []

 [1{C:/CTEX/UserData/pdftex/config/pdftex.map{Unicode.sfd}{UGBK.sfd}}


 <D:/用户目录/Desktop/paper/Gama-Opt/fig/negative.png> <D:/用户目录/Des
ktop/paper/Gama-Opt/fig/domain.jpg>]) (D:\用户目录\Desktop\paper\Gama-Opt\g
ama_works.tex)
(D:\用户目录\Desktop\paper\Gama-Opt\statement.tex [2] [3]
Overfull \hbox (2.97462pt too wide) detected at line 153
[] []
 []


Overfull \hbox (5.56476pt too wide) detected at line 163
[] \OT1/cmr/m/n/10 = []
 []

(D:\用户目录\Desktop\paper\Gama-Opt\agl1.tex)
(D:\用户目录\Desktop\paper\Gama-Opt\theorem2.tex
Underfull \hbox (badness 5756) in paragraph at lines 8--10
\OT1/ptm/m/n/10 Let $\OT1/cmr/m/n/10 []$ \OT1/ptm/m/n/10 be the sub-gradient f
or $\OML/cmm/m/it/10 J\OT1/cmr/m/n/10 (\OML/cmm/m/it/10 []\OT1/cmr/m/n/10 )$ \
OT1/ptm/m/n/10 and $\OML/cmm/m/it/10 [] \OT1/cmr/m/n/10 =$
 []

) (D:\用户目录\Desktop\paper\Gama-Opt\theorem.tex
** ATTENTION: \proof is deprecated (line 4). Use \IEEEproof instead.
[4])) (D:\用户目录\Desktop\paper\Gama-Opt\gama_exp.tex
Underfull \hbox (badness 10000) in paragraph at lines 1--1
[][][]\OT1/ptm/m/n/8 The fea-tures of AwA dataset is avail-able from
 []


Underfull \hbox (badness 10000) in paragraph at lines 1--1
[][][]\OT1/ptm/m/n/8 Images for Caltech-256 is avail-able from
 []

[5]
Package epstopdf Info: Source file: <fig/A2A_horse.eps>
(epstopdf)                    date: 2015-10-24 17:12:28
(epstopdf)                    size: 11346 bytes
(epstopdf)             Output file: <fig/A2A_horse-eps-converted-to.pdf>
(epstopdf)                    date: 2015-10-24 17:12:28
(epstopdf)                    size: 4761 bytes
(epstopdf)             Command: <epstopdf --outfile=fig/A2A_horse-eps-converted
-to.pdf fig/A2A_horse.eps>
(epstopdf)             \includegraphics on input line 37.
Package epstopdf Info: Output file is already uptodate.
 <fig/A2A_horse-eps-converted-to.pdf, id=37, 451.6875pt x 376.40625pt>
File: fig/A2A_horse-eps-converted-to.pdf Graphic file (type pdf)

<use fig/A2A_horse-eps-converted-to.pdf>
Package pdftex.def Info: fig/A2A_horse-eps-converted-to.pdf used on input line 
37.
(pdftex.def)             Requested size: 180.67178pt x 150.55983pt.
Package epstopdf Info: Source file: <fig/A2A_gama.eps>
(epstopdf)                    date: 2015-10-24 17:12:28
(epstopdf)                    size: 14945 bytes
(epstopdf)             Output file: <fig/A2A_gama-eps-converted-to.pdf>
(epstopdf)                    date: 2015-10-24 17:12:28
(epstopdf)                    size: 5105 bytes
(epstopdf)             Command: <epstopdf --outfile=fig/A2A_gama-eps-converted-
to.pdf fig/A2A_gama.eps>
(epstopdf)             \includegraphics on input line 38.
Package epstopdf Info: Output file is already uptodate.

<fig/A2A_gama-eps-converted-to.pdf, id=38, 676.5275pt x 376.40625pt>
File: fig/A2A_gama-eps-converted-to.pdf Graphic file (type pdf)

<use fig/A2A_gama-eps-converted-to.pdf>
Package pdftex.def Info: fig/A2A_gama-eps-converted-to.pdf used on input line 3
8.
(pdftex.def)             Requested size: 270.6062pt x 150.55983pt.

Overfull \hbox (13.66978pt too wide) in paragraph at lines 48--63
 [][][] 
 []


Overfull \hbox (13.66978pt too wide) in paragraph at lines 69--84
 [][][] 
 []

Package epstopdf Info: Source file: <fig/A2C_horse.eps>
(epstopdf)                    date: 2015-10-24 17:12:28
(epstopdf)                    size: 12296 bytes
(epstopdf)             Output file: <fig/A2C_horse-eps-converted-to.pdf>
(epstopdf)                    date: 2015-10-24 17:12:28
(epstopdf)                    size: 5273 bytes
(epstopdf)             Command: <epstopdf --outfile=fig/A2C_horse-eps-converted
-to.pdf fig/A2C_horse.eps>
(epstopdf)             \includegraphics on input line 98.
Package epstopdf Info: Output file is already uptodate.
<fig/A2C_horse-eps-converted-to.pdf, id=39, 451.6875pt x 376.40625pt>
File: fig/A2C_horse-eps-converted-to.pdf Graphic file (type pdf)

<use fig/A2C_horse-eps-converted-to.pdf>
Package pdftex.def Info: fig/A2C_horse-eps-converted-to.pdf used on input line 
98.
(pdftex.def)             Requested size: 180.67178pt x 150.55983pt.
Package epstopdf Info: Source file: <fig/A2A_gama.eps>
(epstopdf)                    date: 2015-10-24 17:12:28
(epstopdf)                    size: 14945 bytes
(epstopdf)             Output file: <fig/A2A_gama-eps-converted-to.pdf>
(epstopdf)                    date: 2015-10-24 17:12:28
(epstopdf)                    size: 5105 bytes
(epstopdf)             Command: <epstopdf --outfile=fig/A2A_gama-eps-converted-
to.pdf fig/A2A_gama.eps>
(epstopdf)             \includegraphics on input line 99.
Package epstopdf Info: Output file is already uptodate.
File: fig/A2A_gama-eps-converted-to.pdf Graphic file (type pdf)

<use fig/A2A_gama-eps-converted-to.pdf>
Package pdftex.def Info: fig/A2A_gama-eps-converted-to.pdf used on input line 9
9.
(pdftex.def)             Requested size: 270.6062pt x 150.55983pt.
)
(D:\用户目录\Desktop\paper\Gama-Opt\gama_opt.bbl [6] [7 <D:/用户目录/De
sktop/paper/Gama-Opt/fig/A2A_horse-eps-converted-to.pdf> <D:/用户目录/Deskt
op/paper/Gama-Opt/fig/A2A_gama-eps-converted-to.pdf> <D:/用户目录/Desktop/p
aper/Gama-Opt/fig/A2C_horse-eps-converted-to.pdf>])

** Conference Paper **
Before submitting the final camera ready copy, remember to:

 1. Manually equalize the lengths of two columns on the last page
 of your paper;

 2. Ensure that any PostScript and/or PDF output post-processing
 uses only Type 1 fonts and that every step in the generation
 process uses the appropriate paper size.

[8

] (D:\用户目录\Desktop\paper\Gama-Opt\gama_opt.aux)

LaTeX Warning: There were multiply-defined labels.

 ) 
Here is how much of TeX's memory you used:
 4816 strings out of 495354
 72694 string characters out of 3183859
 260580 words of memory out of 3000000
 7874 multiletter control sequences out of 15000+200000
 45438 words of font info for 90 fonts, out of 3000000 for 9000
 17 hyphenation exceptions out of 8191
 44i,21n,46p,1445b,761s stack positions out of 5000i,500n,10000p,200000b,50000s
{C:/CTEX/MiKTeX/fonts/enc/dvips/fontname/8r.enc}<C:/CTEX/MiKTeX/fonts/type1/p
ublic/amsfonts/cm/cmbx10.pfb><C:/CTEX/MiKTeX/fonts/type1/public/amsfonts/cm/cmb
x7.pfb><C:/CTEX/MiKTeX/fonts/type1/public/amsfonts/cm/cmex10.pfb><C:/CTEX/MiKTe
X/fonts/type1/public/amsfonts/cm/cmmi10.pfb><C:/CTEX/MiKTeX/fonts/type1/public/
amsfonts/cm/cmmi5.pfb><C:/CTEX/MiKTeX/fonts/type1/public/amsfonts/cm/cmmi7.pfb>
<C:/CTEX/MiKTeX/fonts/type1/public/amsfonts/cm/cmmib10.pfb><C:/CTEX/MiKTeX/font
s/type1/public/amsfonts/cmextra/cmmib7.pfb><C:/CTEX/MiKTeX/fonts/type1/public/a
msfonts/cm/cmr10.pfb><C:/CTEX/MiKTeX/fonts/type1/public/amsfonts/cm/cmr5.pfb><C
:/CTEX/MiKTeX/fonts/type1/public/amsfonts/cm/cmr7.pfb><C:/CTEX/MiKTeX/fonts/typ
e1/public/amsfonts/cm/cmsy10.pfb><C:/CTEX/MiKTeX/fonts/type1/public/amsfonts/cm
/cmsy5.pfb><C:/CTEX/MiKTeX/fonts/type1/public/amsfonts/cm/cmsy7.pfb><C:/CTEX/Mi
KTeX/fonts/type1/urw/times/utmb8a.pfb><C:/CTEX/MiKTeX/fonts/type1/urw/times/utm
bi8a.pfb><C:/CTEX/MiKTeX/fonts/type1/urw/times/utmr8a.pfb><C:/CTEX/MiKTeX/fonts
/type1/urw/times/utmri8a.pfb>
Output written on gama_opt.pdf (8 pages, 453217 bytes).
PDF statistics:
 121 PDF objects out of 1000 (max. 8388607)
 0 named destinations out of 1000 (max. 500000)
 26 words of extra memory for PDF output out of 10000 (max. 10000000)

